<?xml version="1.0" encoding="UTF-8"?>
<testsuite xmlns:xsi="http://www.w3.org/2001/XMLSchema-instance" xsi:noNamespaceSchemaLocation="https://maven.apache.org/surefire/maven-surefire-plugin/xsd/surefire-test-report-3.0.xsd" version="3.0" name="com.caballerosGuardiaReal.ecommerce.ECommerceApplicationTests" time="31.209" tests="1" errors="0" skipped="0" failures="0">
  <properties>
[...]
</properties>
  <testcase name="contextLoads" classname="com.caballerosGuardiaReal.ecommerce.ECommerceApplicationTests" time="1.765">
    <system-out><![CDATA[15:41:21.422 [main] INFO org.springframework.test.context.support.AnnotationConfigContextLoaderUtils -- Could not detect default configuration classes for test class [com.caballerosGuardiaReal.ecommerce.ECommerceApplicationTests]: ECommerceApplicationTests does not declare any static, non-private, non-final, nested classes annotated with @Configuration.
15:41:21.982 [main] INFO org.springframework.boot.test.context.SpringBootTestContextBootstrapper -- Found @SpringBootConfiguration com.caballerosGuardiaReal.ecommerce.ECommerceApplication for test class com.caballerosGuardiaReal.ecommerce.ECommerceApplicationTests
15:41:23.139 [main] INFO org.springframework.boot.devtools.restart.RestartApplicationListener -- Restart disabled due to context in which it is running

  .   ____          _            __ _ _
 /\\ / ___'_ __ _ _(_)_ __  __ _ \ \ \ \
( ( )\___ | '_ | '_| | '_ \/ _` | \ \ \ \
 \\/  ___)| |_)| | | | | || (_| |  ) ) ) )
  '  |____| .__|_| |_|_| |_\__, | / / / /
 =========|_|==============|___/=/_/_/_/
 :: Spring Boot ::                (v3.1.5)

2023-12-01T15:41:24.262-03:00  INFO 11760 --- [           main] c.c.ecommerce.ECommerceApplicationTests  : Starting ECommerceApplicationTests using Java 17.0.9 with PID 11760 (started by mutuv in C:\Users\mutuv\Documents\ARGprograma\Proyectos finales egg\proyectos finales-mios\ecommerce clone\proyecto-e-commerce)
2023-12-01T15:41:24.269-03:00  INFO 11760 --- [           main] c.c.ecommerce.ECommerceApplicationTests  : No active profile set, falling back to 1 default profile: "default"
2023-12-01T15:41:28.037-03:00  INFO 11760 --- [           main] .s.d.r.c.RepositoryConfigurationDelegate : Bootstrapping Spring Data JPA repositories in DEFAULT mode.
2023-12-01T15:41:28.521-03:00  INFO 11760 --- [           main] .s.d.r.c.RepositoryConfigurationDelegate : Finished Spring Data repository scanning in 446 ms. Found 7 JPA repository interfaces.
2023-12-01T15:41:31.968-03:00  INFO 11760 --- [           main] o.hibernate.jpa.internal.util.LogHelper  : HHH000204: Processing PersistenceUnitInfo [name: default]
2023-12-01T15:41:32.319-03:00  INFO 11760 --- [           main] org.hibernate.Version                    : HHH000412: Hibernate ORM core version 6.2.13.Final
2023-12-01T15:41:32.328-03:00  INFO 11760 --- [           main] org.hibernate.cfg.Environment            : HHH000406: Using bytecode reflection optimizer
2023-12-01T15:41:33.761-03:00  INFO 11760 --- [           main] o.s.o.j.p.SpringPersistenceUnitInfo      : No LoadTimeWeaver setup: ignoring JPA class transformer
2023-12-01T15:41:33.898-03:00  INFO 11760 --- [           main] com.zaxxer.hikari.HikariDataSource       : HikariPool-1 - Starting...
2023-12-01T15:41:34.856-03:00  INFO 11760 --- [           main] com.zaxxer.hikari.pool.HikariPool        : HikariPool-1 - Added connection com.mysql.cj.jdbc.ConnectionImpl@2de3b052
2023-12-01T15:41:34.865-03:00  INFO 11760 --- [           main] com.zaxxer.hikari.HikariDataSource       : HikariPool-1 - Start completed.
2023-12-01T15:41:39.106-03:00  INFO 11760 --- [           main] o.h.e.t.j.p.i.JtaPlatformInitiator       : HHH000489: No JTA platform available (set 'hibernate.transaction.jta.platform' to enable JTA platform integration)
2023-12-01T15:41:39.480-03:00  INFO 11760 --- [           main] j.LocalContainerEntityManagerFactoryBean : Initialized JPA EntityManagerFactory for persistence unit 'default'
2023-12-01T15:41:41.202-03:00  INFO 11760 --- [           main] o.s.d.j.r.query.QueryEnhancerFactory     : Hibernate is in classpath; If applicable, HQL parser will be used.
2023-12-01T15:41:45.852-03:00  INFO 11760 --- [           main] o.s.s.web.DefaultSecurityFilterChain     : Will secure any request with [org.springframework.security.web.session.DisableEncodeUrlFilter@6c7bc8ac, org.springframework.security.web.context.request.async.WebAsyncManagerIntegrationFilter@25131637, org.springframework.security.web.context.SecurityContextHolderFilter@36299b83, org.springframework.security.web.header.HeaderWriterFilter@77f66138, org.springframework.security.web.authentication.logout.LogoutFilter@42ceb67f, org.springframework.security.web.authentication.UsernamePasswordAuthenticationFilter@63437af4, org.springframework.security.web.savedrequest.RequestCacheAwareFilter@9886ec3, org.springframework.security.web.servletapi.SecurityContextHolderAwareRequestFilter@3b2317b7, org.springframework.security.web.authentication.AnonymousAuthenticationFilter@5d7f4cbb, org.springframework.security.web.access.ExceptionTranslationFilter@15b882a0, org.springframework.security.web.access.intercept.AuthorizationFilter@5bb24266]
2023-12-01T15:41:47.811-03:00  INFO 11760 --- [           main] o.s.b.a.w.s.WelcomePageHandlerMapping    : Adding welcome page template: index
2023-12-01T15:41:50.085-03:00  INFO 11760 --- [           main] c.c.ecommerce.ECommerceApplicationTests  : Started ECommerceApplicationTests in 27.063 seconds (process running for 31.566)
]]></system-out>
  </testcase>
</testsuite>